<?xml version="1.0" encoding="UTF-8"?>
<testsuite name="com.tw.FactorialTest" tests="1" skipped="0" failures="0" errors="0" timestamp="2021-10-21T17:45:31" hostname="OM" time="0.391">
  <properties/>
  <testcase name="factorialZero()" classname="com.tw.FactorialTest" time="0.391"/>
  <system-out><![CDATA[]]></system-out>
  <system-err><![CDATA[]]></system-err>
</testsuite>
